[INFO] Starting time : 2/27/2019 7:25:10 AM
[INFO] Server Run : 2/27/2019 7:25:12 AM
[INFO] Text received : api/fundamental/PTT
[INFO] Starting time : 2/27/2019 8:00:11 AM
[INFO] Server Run : 2/27/2019 8:00:13 AM
[INFO] Text received : api/fundamental
[INFO] Text received : api/fundamental/finance_info_yearly
[INFO] Text received : api/fundamental/finance_info_yearly
[INFO] Starting time : 2/27/2019 8:08:04 AM
[INFO] Server Run : 2/27/2019 8:08:06 AM
[INFO] Text received : api/fundamental/finance_info_yearly
[INFO] Text received : api/fundamental/finance_info_quarter
[INFO] Starting time : 2/27/2019 8:17:58 AM
[INFO] Server Run : 2/27/2019 8:18:00 AM
[INFO] Text received : api/fundamental/finance_stat_yearly
[INFO] Starting time : 2/27/2019 8:19:39 AM
[INFO] Server Run : 2/27/2019 8:19:41 AM
[INFO] Text received : api/fundamental/finance_stat_daily
[INFO] Starting time : 2/27/2019 8:21:50 AM
[INFO] Server Run : 2/27/2019 8:21:52 AM
[INFO] Text received : api/fundamental/finance_stat_daily/PTT
[INFO] Text received : api/fundamental/finance_stat_yearly/PTT
[INFO] Text received : api/fundamental/finance_info_yearly/PTT
[INFO] Text received : api/fundamental/finance_info_quarter/PTT
[INFO] Text received : api/fundamental/PTT
[INFO] Text received : api/fundamental
[INFO] Starting time : 2/27/2019 8:23:47 AM
[INFO] Text received : api/fundamental
[INFO] Server Run : 2/27/2019 8:23:49 AM
[INFO] Text received : api/fundamental
[INFO] Text received : api/fundamental/D
[INFO] Starting time : 2/27/2019 8:26:58 AM
[INFO] Server Run : 2/27/2019 8:27:00 AM
[INFO] Text received : api/fundamental/finance_info_yearly
[INFO] Text received : api/fundamental/finance_info_yearly/PTT
[INFO] Text received : api/fundamental/finance_info_yearly
[INFO] Starting time : 2/27/2019 8:27:53 AM
[INFO] Server Run : 2/27/2019 8:27:55 AM
[INFO] Text received : api/fundamental/finance_info_yearly/PTT
[INFO] Server Run : 2/27/2019 8:27:58 AM
[INFO] Starting time : 2/27/2019 8:28:25 AM
[INFO] Server Run : 2/27/2019 8:28:27 AM
[INFO] Text received : api/fundamental/finance_info_yearly
[INFO] Text received : api/fundamental/finance_info_yearly/PTT
[INFO] Server Run : 2/27/2019 8:28:52 AM
[INFO] Starting time : 2/27/2019 8:30:05 AM
[INFO] Server Run : 2/27/2019 8:30:07 AM
[INFO] Text received : api/fundamental/finance_info_yearly/PTT
[INFO] Starting time : 2/27/2019 8:34:25 AM
[INFO] Server Run : 2/27/2019 8:34:27 AM
[INFO] Text received : api/fundamental/finance_info_yearly/PTT
[INFO] Text received : api/fundamental/finance_info_quarter/PTT
[INFO] Text received : api/fundamental/finance_stat_yearly/PTT
[INFO] Text received : api/fundamental/finance_stat_daily/PTT
[INFO] Starting time : 2/27/2019 8:36:41 AM
[INFO] Text received : api/fundamental/finance_stat_daily/PTT
[INFO] Server Run : 2/27/2019 8:36:43 AM
[INFO] Text received : api/fundamental/finance_stat_yearly/PTT
[INFO] Text received : api/fundamental/finance_info_yearly/PTT
[INFO] Text received : api/fundamental/finance_info_quarter/PTT
[INFO] Starting time : 2/27/2019 8:37:54 AM
[INFO] Server Run : 2/27/2019 8:37:56 AM
[INFO] Text received : api/fundamental/finance_info_quarter/PTT
[INFO] Text received : api/fundamental/finance_info_quarter/PTT
[INFO] Text received : api/fundamental/finance_info_quarter/PTT
[INFO] Text received : api/fundamental/finance_info_yearly/PTT
[INFO] Text received : api/fundamental/finance_stat_yearly/PTT
[INFO] Text received : api/fundamental/finance_stat_daily/PTT
[INFO] Text received : api/fundamental/finance_stat_daily/CPALL
[INFO] Text received : api/fundamental/finance_stat_daily/CP
[INFO] Text received : api/fundamental/finance_stat_daily/CP4
[INFO] Text received : api/fundamental/finance_stat_daily/CP4
[INFO] Starting time : 2/27/2019 8:47:22 AM
[INFO] Server Run : 2/27/2019 8:47:24 AM
[INFO] Text received : api/fundamental
[INFO] Text received : api/fundamental/PTT
[INFO] Starting time : 2/27/2019 8:48:04 AM
[INFO] Server Run : 2/27/2019 8:48:06 AM
[INFO] Text received : api/fundamental/PTT
[INFO] Starting time : 2/27/2019 8:49:20 AM
[INFO] Server Run : 2/27/2019 8:49:22 AM
[INFO] Starting time : 2/27/2019 8:49:46 AM
[INFO] Server Run : 2/27/2019 8:49:48 AM
[INFO] Text received : api/fundamental/PTT
