[INFO] Server Run : 2/26/2019 2:37:45 PM
[INFO] Schedule Time : 2/26/2019 2:38:00 PM
[INFO] UpdateDatabase : 2/26/2019 2:38:07 PM
[INFO] Text received : This is a test<EOF>
[INFO] Starting time : 2/26/2019 2:45:07 PM
[INFO] Server Run : 2/26/2019 2:45:09 PM
[INFO] Text received : This is a test<EOF>
[INFO] Starting time : 2/26/2019 2:59:19 PM
[INFO] Server Run : 2/26/2019 2:59:21 PM
[INFO] Text received : This is a test<EOF>
[INFO] Starting time : 2/26/2019 3:00:40 PM
[INFO] Server Run : 2/26/2019 3:00:42 PM
[INFO] Text received : This is a test<EOF>
[INFO] Test : 12/31/2016 12:00:00 AM BPP
[INFO] Starting time : 2/26/2019 3:03:12 PM
[INFO] Server Run : 2/26/2019 3:03:14 PM
[INFO] Text received : This is a test<EOF>
[INFO] Test : 12/31/2016 12:00:00 AM
[INFO] Test : BPP
[INFO] Test : 2016
[INFO] Test : 42962.86
[INFO] Test : 5081.85
[INFO] Test : 37171.16
[INFO] Test : 30456.92
[INFO] Test : 9813.83
[INFO] Test : 4138.13
[INFO] Test : 1.74
[INFO] Test : 14.10
[INFO] Test : 17.24
[INFO] Test : 42.17
[INFO] Test : 
[INFO] Starting time : 2/26/2019 3:23:21 PM
[INFO] Server Run : 2/26/2019 3:23:23 PM
[INFO] Text received : This is a test<EOF>
[INFO] Text received : This is a test<EOF>
[INFO] Text received : This is a test<EOF>
[INFO] Text received : This is a test<EOF>
[INFO] Starting time : 2/26/2019 3:55:23 PM
[INFO] Server Run : 2/26/2019 3:55:25 PM
[INFO] Text received : This is a test<EOF>
[INFO] Text received : This is a test<EOF>
[INFO] Text received : This is a test<EOF>
[INFO] Text received : This is a test<EOF>
[INFO] Starting time : 2/26/2019 3:55:46 PM
[INFO] Server Run : 2/26/2019 3:55:48 PM
[INFO] Text received : This is a test<EOF>
[INFO] Starting time : 2/26/2019 3:57:50 PM
[INFO] Server Run : 2/26/2019 3:57:52 PM
[INFO] Text received : This is a test<EOF>
[INFO] Text received : This is a test<EOF>
[INFO] Text received : This is a test<EOF>
[INFO] Text received : This is a test<EOF>
[INFO] Text received : This is a test<EOF>
[INFO] Text received : This is a test<EOF>
[INFO] Text received : This is a test<EOF>
[INFO] Starting time : 2/26/2019 3:58:46 PM
[INFO] Text received : This is a test<EOF>
[INFO] Server Run : 2/26/2019 3:58:48 PM
[INFO] Text received : This is a test<EOF>
[INFO] Text received : This is a test<EOF>
[INFO] Starting time : 2/26/2019 3:59:48 PM
[INFO] Server Run : 2/26/2019 3:59:50 PM
[INFO] Text received : This is a test<EOF>
[INFO] Starting time : 2/26/2019 4:00:33 PM
[INFO] Server Run : 2/26/2019 4:00:35 PM
[INFO] Text received : This is a test<EOF>
[INFO] Text received : This is a test<EOF>
[INFO] Text received : This is a test<EOF>
[INFO] Text received : This is a test<EOF>
[INFO] Starting time : 2/26/2019 4:03:52 PM
[INFO] Server Run : 2/26/2019 4:03:55 PM
[INFO] Text received : This is a test<EOF>
[INFO] Starting time : 2/26/2019 4:05:26 PM
[INFO] Server Run : 2/26/2019 4:05:28 PM
[INFO] Text received : This is a test<EOF>
[INFO] Text received : This is a test<EOF>
[INFO] Starting time : 2/26/2019 4:07:20 PM
[INFO] Server Run : 2/26/2019 4:07:22 PM
[INFO] Text received : This is a test<EOF>
[INFO] Starting time : 2/26/2019 4:14:57 PM
[INFO] Server Run : 2/26/2019 4:14:59 PM
[INFO] Text received : This is a test<EOF>
[INFO] Text received : This is a test<EOF>
[INFO] Text received : This is a test<EOF>
[INFO] Starting time : 2/26/2019 4:15:27 PM
[INFO] Server Run : 2/26/2019 4:15:29 PM
[INFO] Text received : This is a test<EOF>
[INFO] Starting time : 2/26/2019 4:18:31 PM
[INFO] Text received : This is a test<EOF>
[INFO] Server Run : 2/26/2019 4:18:33 PM
[INFO] Text received : This is a test<EOF>
[INFO] Text received : This is a test<EOF>
[INFO] Starting time : 2/26/2019 4:19:36 PM
[INFO] Server Run : 2/26/2019 4:19:38 PM
[INFO] Text received : This is a test<EOF>
[INFO] Text received : This is a test<EOF>
[INFO] Text received : This is a test<EOF>
[INFO] Starting time : 2/26/2019 4:23:34 PM
[INFO] Server Run : 2/26/2019 4:23:36 PM
[INFO] Text received : This is a test<EOF>
[INFO] Starting time : 2/26/2019 4:24:10 PM
[INFO] Server Run : 2/26/2019 4:24:12 PM
[INFO] Text received : This is a test<EOF>
[INFO] Text received : This is a test<EOF>
[INFO] Starting time : 2/26/2019 4:25:11 PM
[INFO] Server Run : 2/26/2019 4:25:13 PM
[INFO] Text received : This is a test<EOF>
[INFO] Text received : This is a test<EOF>
[INFO] Text received : This is a test<EOF>
[INFO] Text received : This is a test<EOF>
[INFO] Starting time : 2/26/2019 4:38:03 PM
[INFO] Server Run : 2/26/2019 4:38:05 PM
[INFO] Starting time : 2/26/2019 4:38:54 PM
[INFO] Server Run : 2/26/2019 4:38:56 PM
[INFO] Starting time : 2/26/2019 4:39:47 PM
[INFO] Server Run : 2/26/2019 4:39:49 PM
[INFO] Starting time : 2/26/2019 4:41:43 PM
[INFO] Server Run : 2/26/2019 4:41:45 PM
[INFO] Starting time : 2/26/2019 4:49:47 PM
[INFO] Server Run : 2/26/2019 4:49:49 PM
[INFO] Starting time : 2/26/2019 4:51:34 PM
[INFO] Server Run : 2/26/2019 4:51:36 PM
[INFO] Text received : This is a test<EOF>
[INFO] Text received : This is a test<EOF>
[INFO] Starting time : 2/26/2019 4:53:09 PM
[INFO] Server Run : 2/26/2019 4:53:11 PM
[INFO] Text received : api/Fundamental
[INFO] Text received : api/fundamental/PTT
[INFO] Starting time : 2/26/2019 5:03:13 PM
[INFO] Server Run : 2/26/2019 5:03:15 PM
